<?xml version="1.0" encoding="UTF-8"?>
<testsuite xmlns:xsi="http://www.w3.org/2001/XMLSchema-instance" xsi:noNamespaceSchemaLocation="https://maven.apache.org/surefire/maven-surefire-plugin/xsd/surefire-test-report-3.0.xsd" version="3.0" name="com.avow.task.manager.ApplicationTests" time="1.729" tests="1" errors="0" skipped="0" failures="0">
  <properties>
[...]
</properties>
  <testcase name="contextLoads" classname="com.avow.task.manager.ApplicationTests" time="0.465">
    <system-out><![CDATA[20:20:20.726 [main] INFO org.springframework.test.context.support.AnnotationConfigContextLoaderUtils -- Could not detect default configuration classes for test class [com.avow.task.manager.ApplicationTests]: ApplicationTests does not declare any static, non-private, non-final, nested classes annotated with @Configuration.
20:20:20.789 [main] INFO org.springframework.boot.test.context.SpringBootTestContextBootstrapper -- Found @SpringBootConfiguration com.avow.task.manager.Application for test class com.avow.task.manager.ApplicationTests
20:20:20.865 [main] INFO org.springframework.boot.devtools.restart.RestartApplicationListener -- Restart disabled due to context in which it is running

  .   ____          _            __ _ _
 /\\ / ___'_ __ _ _(_)_ __  __ _ \ \ \ \
( ( )\___ | '_ | '_| | '_ \/ _` | \ \ \ \
 \\/  ___)| |_)| | | | | || (_| |  ) ) ) )
  '  |____| .__|_| |_|_| |_\__, | / / / /
 =========|_|==============|___/=/_/_/_/
 :: Spring Boot ::                (v3.2.0)

2023-12-06T20:20:20.997+01:00  INFO 12130 --- [           main] com.avow.task.manager.ApplicationTests   : Starting ApplicationTests using Java 18.0.1.1 with PID 12130 (started by ifeanyionyejekwe in /Users/ifeanyionyejekwe/Downloads/task.manager)
2023-12-06T20:20:20.997+01:00  INFO 12130 --- [           main] com.avow.task.manager.ApplicationTests   : No active profile set, falling back to 1 default profile: "default"
2023-12-06T20:20:21.278+01:00  INFO 12130 --- [           main] .s.d.r.c.RepositoryConfigurationDelegate : Bootstrapping Spring Data R2DBC repositories in DEFAULT mode.
2023-12-06T20:20:21.350+01:00  INFO 12130 --- [           main] .s.d.r.c.RepositoryConfigurationDelegate : Finished Spring Data repository scanning in 70 ms. Found 1 R2DBC repository interface.
2023-12-06T20:20:21.890+01:00  INFO 12130 --- [           main] com.avow.task.manager.ApplicationTests   : Started ApplicationTests in 1.032 seconds (process running for 1.528)
]]></system-out>
  </testcase>
</testsuite>